TN:
SF:controllers\admin-dash-logs-controller.js
FN:11,(anonymous_0)
FN:15,(anonymous_1)
FNF:2
FNH:2
FNDA:1,(anonymous_0)
FNDA:5,(anonymous_1)
DA:7,1
DA:8,1
DA:10,1
DA:12,1
DA:16,5
DA:17,5
DA:19,5
DA:20,5
DA:31,5
DA:33,4
DA:35,1
DA:36,1
DA:41,1
LF:13
LH:13
BRF:0
BRH:0
end_of_record
TN:
SF:controllers\admin-empman-emprecs-controller.js
FN:11,(anonymous_0)
FN:14,(anonymous_1)
FN:29,(anonymous_2)
FN:33,(anonymous_3)
FNF:4
FNH:4
FNDA:2,(anonymous_0)
FNDA:4,(anonymous_1)
FNDA:2,(anonymous_2)
FNDA:4,(anonymous_3)
DA:7,1
DA:8,1
DA:10,1
DA:12,2
DA:14,1
DA:15,4
DA:16,4
DA:18,4
DA:21,1
DA:22,1
DA:24,0
DA:25,0
DA:30,2
DA:31,2
DA:33,2
DA:34,4
DA:35,4
DA:37,4
DA:40,2
DA:41,2
DA:43,1
DA:45,1
DA:46,1
DA:51,1
LF:24
LH:22
BRDA:15,0,0,4
BRDA:15,0,1,0
BRDA:16,1,0,4
BRDA:16,1,1,0
BRDA:34,2,0,4
BRDA:34,2,1,0
BRDA:35,3,0,4
BRDA:35,3,1,0
BRF:8
BRH:4
end_of_record
TN:
SF:controllers\admin-empman-payroll-controller.js
FN:13,(anonymous_0)
FN:17,(anonymous_1)
FN:21,(anonymous_2)
FN:35,(anonymous_3)
FN:42,(anonymous_4)
FN:77,padZero
FN:99,(anonymous_6)
FN:106,is_regular_holiday
FN:112,is_special_holiday
FN:118,(anonymous_9)
FNF:10
FNH:10
FNDA:1,(anonymous_0)
FNDA:2,(anonymous_1)
FNDA:4,(anonymous_2)
FNDA:2,(anonymous_3)
FNDA:4,(anonymous_4)
FNDA:7,padZero
FNDA:2,(anonymous_6)
FNDA:14,is_regular_holiday
FNDA:14,is_special_holiday
FNDA:14,(anonymous_9)
DA:8,1
DA:9,1
DA:10,1
DA:12,1
DA:14,1
DA:18,2
DA:19,2
DA:21,1
DA:22,4
DA:23,4
DA:25,4
DA:28,1
DA:30,1
DA:31,1
DA:36,2
DA:37,2
DA:38,2
DA:39,2
DA:40,1
DA:42,1
DA:43,4
DA:44,4
DA:46,4
DA:49,1
DA:50,1
DA:51,1
DA:52,1
DA:53,7
DA:54,1
DA:55,1
DA:56,6
DA:57,1
DA:58,1
DA:59,5
DA:60,1
DA:61,1
DA:62,4
DA:63,1
DA:64,1
DA:65,3
DA:66,1
DA:67,1
DA:68,2
DA:69,1
DA:70,1
DA:71,1
DA:72,1
DA:73,1
DA:78,7
DA:79,6
DA:81,7
DA:84,1
DA:85,1
DA:86,1
DA:87,1
DA:88,1
DA:89,1
DA:90,1
DA:92,1
DA:94,1
DA:95,1
DA:100,2
DA:101,2
DA:103,2
DA:104,2
DA:108,14
DA:109,14
DA:113,14
DA:114,14
DA:118,2
DA:119,14
DA:120,0
DA:121,0
DA:122,0
DA:123,0
DA:124,0
DA:125,0
DA:126,0
DA:127,0
DA:128,0
DA:129,14
DA:130,0
DA:131,0
DA:132,0
DA:133,0
DA:134,0
DA:135,0
DA:136,0
DA:137,0
DA:138,0
DA:140,14
DA:141,14
DA:142,14
DA:143,14
DA:144,14
DA:145,14
DA:149,2
DA:150,2
DA:151,2
DA:152,2
DA:153,2
DA:154,2
DA:155,2
DA:157,2
DA:163,2
DA:164,0
DA:165,0
DA:167,2
DA:168,2
DA:171,2
DA:172,0
DA:173,0
DA:175,2
DA:176,2
DA:179,2
DA:180,0
DA:181,0
DA:183,2
DA:184,2
DA:187,2
DA:188,2
DA:189,0
DA:191,0
DA:193,0
DA:194,0
DA:195,0
DA:197,0
DA:198,0
DA:231,0
DA:233,0
DA:234,0
DA:239,1
LF:132
LH:98
BRDA:22,0,0,4
BRDA:22,0,1,0
BRDA:23,1,0,4
BRDA:23,1,1,0
BRDA:43,2,0,4
BRDA:43,2,1,0
BRDA:44,3,0,4
BRDA:44,3,1,0
BRDA:53,4,0,1
BRDA:53,4,1,6
BRDA:56,5,0,1
BRDA:56,5,1,5
BRDA:59,6,0,1
BRDA:59,6,1,4
BRDA:62,7,0,1
BRDA:62,7,1,3
BRDA:65,8,0,1
BRDA:65,8,1,2
BRDA:68,9,0,1
BRDA:68,9,1,1
BRDA:71,10,0,1
BRDA:71,10,1,0
BRDA:78,11,0,6
BRDA:78,11,1,1
BRDA:119,12,0,0
BRDA:119,12,1,14
BRDA:129,13,0,0
BRDA:129,13,1,14
BRDA:163,14,0,0
BRDA:163,14,1,2
BRDA:171,15,0,0
BRDA:171,15,1,2
BRDA:179,16,0,0
BRDA:179,16,1,2
BRDA:188,17,0,0
BRDA:188,17,1,0
BRF:36
BRH:24
end_of_record
TN:
SF:controllers\admin-notifs-controller.js
FN:11,(anonymous_0)
FN:15,(anonymous_1)
FN:18,(anonymous_2)
FNF:3
FNH:3
FNDA:1,(anonymous_0)
FNDA:2,(anonymous_1)
FNDA:1,(anonymous_2)
DA:7,1
DA:8,1
DA:10,1
DA:12,1
DA:16,2
DA:17,2
DA:18,1
DA:20,1
DA:22,1
DA:23,1
DA:28,1
LF:11
LH:11
BRF:0
BRH:0
end_of_record
TN:
SF:controllers\controller.js
FN:9,(anonymous_0)
FN:12,(anonymous_1)
FNF:2
FNH:2
FNDA:1,(anonymous_0)
FNDA:1,(anonymous_1)
DA:8,1
DA:10,1
DA:13,1
DA:17,1
LF:4
LH:4
BRF:0
BRH:0
end_of_record
TN:
SF:controllers\delete-user-controller.js
FN:13,(anonymous_0)
FN:17,(anonymous_1)
FN:19,(anonymous_2)
FN:34,(anonymous_3)
FN:37,(anonymous_4)
FN:53,(anonymous_5)
FNF:6
FNH:6
FNDA:1,(anonymous_0)
FNDA:2,(anonymous_1)
FNDA:1,(anonymous_2)
FNDA:2,(anonymous_3)
FNDA:1,(anonymous_4)
FNDA:4,(anonymous_5)
DA:8,1
DA:9,1
DA:10,1
DA:12,1
DA:14,1
DA:18,2
DA:19,1
DA:20,1
DA:21,1
DA:23,1
DA:25,1
DA:27,1
DA:29,0
DA:30,0
DA:35,2
DA:36,2
DA:37,2
DA:38,1
DA:39,1
DA:41,1
DA:43,2
DA:44,2
DA:46,1
DA:48,1
DA:49,1
DA:54,4
DA:55,4
DA:57,4
DA:58,3
DA:59,3
DA:60,2
DA:61,2
DA:62,2
DA:63,2
DA:65,2
DA:67,1
DA:69,1
DA:70,1
DA:73,1
DA:74,1
DA:75,1
DA:77,0
DA:78,0
DA:83,1
DA:88,1
LF:45
LH:41
BRDA:20,0,0,1
BRDA:20,0,1,0
BRDA:21,1,0,1
BRDA:21,1,1,0
BRDA:38,2,0,1
BRDA:38,2,1,0
BRDA:39,3,0,1
BRDA:39,3,1,0
BRDA:57,4,0,3
BRDA:57,4,1,1
BRDA:59,5,0,2
BRDA:59,5,1,1
BRF:12
BRH:8
end_of_record
TN:
SF:controllers\employee-clockpage-controller.js
FN:13,(anonymous_0)
FN:17,(anonymous_1)
FN:21,(anonymous_2)
FN:35,(anonymous_3)
FN:110,(anonymous_4)
FN:128,is_regular_holiday
FN:134,is_special_holiday
FNF:7
FNH:6
FNDA:1,(anonymous_0)
FNDA:1,(anonymous_1)
FNDA:2,(anonymous_2)
FNDA:1,(anonymous_3)
FNDA:3,(anonymous_4)
FNDA:2,is_regular_holiday
FNDA:0,is_special_holiday
DA:8,1
DA:9,1
DA:10,1
DA:12,1
DA:14,1
DA:18,1
DA:22,2
DA:23,2
DA:25,2
DA:27,1
DA:29,1
DA:31,1
DA:36,1
DA:37,1
DA:48,1
DA:49,1
DA:50,1
DA:57,0
DA:58,0
DA:65,0
DA:66,0
DA:73,0
DA:74,0
DA:81,0
DA:82,0
DA:89,0
DA:90,0
DA:97,0
DA:98,0
DA:106,1
DA:107,1
DA:111,3
DA:112,3
DA:113,3
DA:114,3
DA:115,3
DA:117,3
DA:118,2
DA:119,2
DA:120,2
DA:121,2
DA:122,2
DA:125,2
DA:126,2
DA:130,2
DA:131,0
DA:136,0
DA:137,0
DA:142,2
DA:143,2
DA:146,2
DA:147,2
DA:148,2
DA:149,2
DA:150,2
DA:153,2
DA:154,2
DA:155,2
DA:156,0
DA:157,0
DA:158,0
DA:163,2
DA:164,2
DA:166,0
DA:168,2
DA:170,2
DA:171,0
DA:174,2
DA:175,2
DA:178,2
DA:179,2
DA:180,2
DA:181,2
DA:182,2
DA:183,2
DA:184,2
DA:189,2
DA:190,0
DA:191,0
DA:192,0
DA:193,0
DA:195,0
DA:196,0
DA:197,0
DA:199,0
DA:200,0
DA:201,0
DA:202,0
DA:203,0
DA:205,0
DA:206,0
DA:207,0
DA:210,0
DA:212,0
DA:213,0
DA:214,0
DA:221,0
DA:222,0
DA:235,0
DA:236,0
DA:238,0
DA:243,0
DA:244,0
DA:246,0
DA:247,0
DA:248,0
DA:249,0
DA:250,0
DA:253,0
DA:254,0
DA:255,0
DA:256,0
DA:257,0
DA:258,0
DA:263,0
DA:264,0
DA:266,0
DA:268,0
DA:270,0
DA:271,0
DA:274,0
DA:275,0
DA:278,0
DA:279,0
DA:280,0
DA:281,0
DA:282,0
DA:283,0
DA:284,0
DA:289,0
DA:290,0
DA:291,0
DA:292,0
DA:293,0
DA:295,0
DA:296,0
DA:297,0
DA:299,0
DA:300,0
DA:301,0
DA:302,0
DA:303,0
DA:305,0
DA:306,0
DA:307,0
DA:310,0
DA:312,0
DA:313,0
DA:314,0
DA:318,0
DA:319,0
DA:332,0
DA:333,0
DA:335,0
DA:339,0
DA:340,0
DA:342,0
DA:343,0
DA:344,0
DA:345,0
DA:346,0
DA:349,0
DA:350,0
DA:351,0
DA:352,0
DA:353,0
DA:354,0
DA:359,0
DA:360,0
DA:362,0
DA:364,0
DA:366,0
DA:367,0
DA:370,0
DA:371,0
DA:374,0
DA:375,0
DA:376,0
DA:377,0
DA:378,0
DA:379,0
DA:380,0
DA:385,0
DA:386,0
DA:387,0
DA:388,0
DA:389,0
DA:391,0
DA:392,0
DA:393,0
DA:395,0
DA:396,0
DA:397,0
DA:398,0
DA:399,0
DA:401,0
DA:402,0
DA:403,0
DA:406,0
DA:408,0
DA:409,0
DA:410,0
DA:414,0
DA:415,0
DA:428,0
DA:429,0
DA:431,0
DA:435,0
DA:436,0
DA:438,0
DA:439,0
DA:440,0
DA:441,0
DA:442,0
DA:445,0
DA:446,0
DA:447,0
DA:448,0
DA:449,0
DA:450,0
DA:455,0
DA:456,0
DA:458,0
DA:460,0
DA:462,0
DA:463,0
DA:466,0
DA:467,0
DA:470,0
DA:471,0
DA:472,0
DA:473,0
DA:474,0
DA:475,0
DA:476,0
DA:481,0
DA:482,0
DA:483,0
DA:484,0
DA:485,0
DA:487,0
DA:488,0
DA:489,0
DA:491,0
DA:492,0
DA:493,0
DA:494,0
DA:495,0
DA:497,0
DA:498,0
DA:499,0
DA:502,0
DA:504,0
DA:505,0
DA:506,0
DA:510,0
DA:511,0
DA:524,0
DA:525,0
DA:527,0
DA:531,0
DA:532,0
DA:534,0
DA:535,0
DA:536,0
DA:537,0
DA:538,0
DA:541,0
DA:542,0
DA:543,0
DA:544,0
DA:545,0
DA:546,0
DA:551,0
DA:552,0
DA:554,0
DA:556,0
DA:558,0
DA:559,0
DA:562,0
DA:563,0
DA:566,0
DA:567,0
DA:568,0
DA:569,0
DA:570,0
DA:571,0
DA:572,0
DA:577,0
DA:578,0
DA:579,0
DA:580,0
DA:581,0
DA:583,0
DA:584,0
DA:585,0
DA:587,0
DA:588,0
DA:589,0
DA:590,0
DA:591,0
DA:593,0
DA:594,0
DA:595,0
DA:598,0
DA:600,0
DA:601,0
DA:602,0
DA:606,0
DA:607,0
DA:620,0
DA:621,0
DA:623,0
DA:627,0
DA:628,0
DA:630,0
DA:631,0
DA:632,0
DA:633,0
DA:634,0
DA:637,0
DA:638,0
DA:639,0
DA:640,0
DA:641,0
DA:642,0
DA:647,0
DA:648,0
DA:650,0
DA:652,0
DA:654,0
DA:655,0
DA:658,0
DA:659,0
DA:662,0
DA:663,0
DA:664,0
DA:665,0
DA:666,0
DA:667,0
DA:668,0
DA:673,0
DA:674,0
DA:675,0
DA:676,0
DA:677,0
DA:679,0
DA:680,0
DA:681,0
DA:683,0
DA:684,0
DA:685,0
DA:686,0
DA:687,0
DA:689,0
DA:690,0
DA:691,0
DA:694,0
DA:696,0
DA:697,0
DA:698,0
DA:702,0
DA:703,0
DA:716,0
DA:717,0
DA:719,0
DA:723,0
DA:724,0
DA:726,0
DA:727,0
DA:728,0
DA:729,0
DA:730,0
DA:733,0
DA:734,0
DA:735,0
DA:736,0
DA:737,0
DA:738,0
DA:743,0
DA:744,0
DA:746,0
DA:748,0
DA:750,0
DA:751,0
DA:754,0
DA:755,0
DA:758,0
DA:759,0
DA:760,0
DA:761,0
DA:762,0
DA:763,0
DA:764,0
DA:769,0
DA:770,0
DA:771,0
DA:772,0
DA:773,0
DA:775,0
DA:776,0
DA:777,0
DA:779,0
DA:780,0
DA:781,0
DA:782,0
DA:783,0
DA:785,0
DA:786,0
DA:787,0
DA:790,0
DA:792,0
DA:793,0
DA:794,0
DA:798,0
DA:799,0
DA:812,0
DA:813,0
DA:815,0
DA:819,0
DA:820,0
DA:827,1
LF:422
LH:58
BRDA:49,0,0,1
BRDA:49,0,1,0
BRDA:57,1,0,0
BRDA:57,1,1,0
BRDA:65,2,0,0
BRDA:65,2,1,0
BRDA:73,3,0,0
BRDA:73,3,1,0
BRDA:81,4,0,0
BRDA:81,4,1,0
BRDA:89,5,0,0
BRDA:89,5,1,0
BRDA:97,6,0,0
BRDA:97,6,1,0
BRDA:146,7,0,2
BRDA:146,7,1,0
BRDA:155,8,0,0
BRDA:155,8,1,2
BRDA:163,9,0,2
BRDA:163,9,1,0
BRDA:170,10,0,0
BRDA:170,10,1,2
BRDA:189,11,0,0
BRDA:189,11,1,0
BRDA:199,12,0,0
BRDA:199,12,1,0
BRDA:235,13,0,0
BRDA:235,13,1,0
BRDA:246,14,0,0
BRDA:246,14,1,0
BRDA:255,15,0,0
BRDA:255,15,1,0
BRDA:263,16,0,0
BRDA:263,16,1,0
BRDA:270,17,0,0
BRDA:270,17,1,0
BRDA:289,18,0,0
BRDA:289,18,1,0
BRDA:299,19,0,0
BRDA:299,19,1,0
BRDA:332,20,0,0
BRDA:332,20,1,0
BRDA:342,21,0,0
BRDA:342,21,1,0
BRDA:351,22,0,0
BRDA:351,22,1,0
BRDA:359,23,0,0
BRDA:359,23,1,0
BRDA:366,24,0,0
BRDA:366,24,1,0
BRDA:385,25,0,0
BRDA:385,25,1,0
BRDA:395,26,0,0
BRDA:395,26,1,0
BRDA:428,27,0,0
BRDA:428,27,1,0
BRDA:438,28,0,0
BRDA:438,28,1,0
BRDA:447,29,0,0
BRDA:447,29,1,0
BRDA:455,30,0,0
BRDA:455,30,1,0
BRDA:462,31,0,0
BRDA:462,31,1,0
BRDA:481,32,0,0
BRDA:481,32,1,0
BRDA:491,33,0,0
BRDA:491,33,1,0
BRDA:524,34,0,0
BRDA:524,34,1,0
BRDA:534,35,0,0
BRDA:534,35,1,0
BRDA:543,36,0,0
BRDA:543,36,1,0
BRDA:551,37,0,0
BRDA:551,37,1,0
BRDA:558,38,0,0
BRDA:558,38,1,0
BRDA:577,39,0,0
BRDA:577,39,1,0
BRDA:587,40,0,0
BRDA:587,40,1,0
BRDA:620,41,0,0
BRDA:620,41,1,0
BRDA:630,42,0,0
BRDA:630,42,1,0
BRDA:639,43,0,0
BRDA:639,43,1,0
BRDA:647,44,0,0
BRDA:647,44,1,0
BRDA:654,45,0,0
BRDA:654,45,1,0
BRDA:673,46,0,0
BRDA:673,46,1,0
BRDA:683,47,0,0
BRDA:683,47,1,0
BRDA:716,48,0,0
BRDA:716,48,1,0
BRDA:726,49,0,0
BRDA:726,49,1,0
BRDA:735,50,0,0
BRDA:735,50,1,0
BRDA:743,51,0,0
BRDA:743,51,1,0
BRDA:750,52,0,0
BRDA:750,52,1,0
BRDA:769,53,0,0
BRDA:769,53,1,0
BRDA:779,54,0,0
BRDA:779,54,1,0
BRDA:812,55,0,0
BRDA:812,55,1,0
BRF:112
BRH:5
end_of_record
TN:
SF:controllers\employee-dashboard-controller.js
FN:12,(anonymous_0)
FN:23,(anonymous_1)
FN:58,padZero
FNF:3
FNH:3
FNDA:2,(anonymous_0)
FNDA:2,(anonymous_1)
FNDA:7,padZero
DA:7,1
DA:8,1
DA:9,1
DA:11,1
DA:13,2
DA:14,2
DA:15,2
DA:16,1
DA:18,1
DA:19,1
DA:24,2
DA:25,2
DA:26,2
DA:27,2
DA:28,1
DA:30,1
DA:31,1
DA:32,1
DA:33,1
DA:34,7
DA:35,1
DA:36,1
DA:37,6
DA:38,1
DA:39,1
DA:40,5
DA:41,1
DA:42,1
DA:43,4
DA:44,1
DA:45,1
DA:46,3
DA:47,1
DA:48,1
DA:49,2
DA:50,1
DA:51,1
DA:52,1
DA:53,1
DA:54,1
DA:59,7
DA:60,0
DA:62,7
DA:65,1
DA:66,1
DA:67,1
DA:68,1
DA:69,1
DA:70,1
DA:71,1
DA:73,1
DA:74,1
DA:75,1
DA:76,1
DA:77,1
DA:78,1
DA:79,1
DA:80,1
DA:82,1
DA:84,1
DA:85,1
DA:90,1
LF:62
LH:61
BRDA:34,0,0,1
BRDA:34,0,1,6
BRDA:37,1,0,1
BRDA:37,1,1,5
BRDA:40,2,0,1
BRDA:40,2,1,4
BRDA:43,3,0,1
BRDA:43,3,1,3
BRDA:46,4,0,1
BRDA:46,4,1,2
BRDA:49,5,0,1
BRDA:49,5,1,1
BRDA:52,6,0,1
BRDA:52,6,1,0
BRDA:59,7,0,0
BRDA:59,7,1,7
BRF:16
BRH:14
end_of_record
TN:
SF:controllers\employee-salary-particulars-controller.js
FN:13,(anonymous_0)
FN:38,is_regular_holiday
FN:43,is_special_holiday
FN:86,(anonymous_3)
FN:110,is_regular_holiday
FN:115,is_special_holiday
FNF:6
FNH:3
FNDA:1,(anonymous_0)
FNDA:0,is_regular_holiday
FNDA:0,is_special_holiday
FNDA:2,(anonymous_3)
FNDA:1,is_regular_holiday
FNDA:0,is_special_holiday
DA:1,1
DA:2,1
DA:3,1
DA:4,1
DA:5,1
DA:6,1
DA:8,1
DA:14,1
DA:15,1
DA:16,1
DA:17,1
DA:19,0
DA:21,0
DA:25,0
DA:27,0
DA:28,0
DA:30,0
DA:31,0
DA:32,0
DA:35,0
DA:36,0
DA:39,0
DA:40,0
DA:44,0
DA:45,0
DA:47,0
DA:48,0
DA:49,0
DA:50,0
DA:51,0
DA:53,0
DA:54,0
DA:55,0
DA:57,0
DA:58,0
DA:59,0
DA:61,0
DA:62,0
DA:63,0
DA:65,0
DA:66,0
DA:67,0
DA:69,0
DA:70,0
DA:71,0
DA:73,0
DA:74,0
DA:75,0
DA:78,0
DA:81,1
DA:82,1
DA:87,2
DA:88,2
DA:89,2
DA:90,2
DA:93,1
DA:95,1
DA:99,1
DA:101,1
DA:102,1
DA:104,1
DA:107,1
DA:108,1
DA:111,1
DA:112,0
DA:116,0
DA:117,0
DA:120,1
DA:121,1
DA:122,1
DA:123,0
DA:124,0
DA:126,0
DA:127,0
DA:128,0
DA:130,0
DA:131,0
DA:132,0
DA:134,0
DA:135,0
DA:136,0
DA:138,0
DA:139,0
DA:140,0
DA:142,0
DA:143,0
DA:144,0
DA:146,0
DA:147,0
DA:148,0
DA:151,0
DA:152,0
DA:153,0
DA:154,0
DA:156,0
DA:157,0
DA:159,0
DA:160,0
DA:162,0
DA:163,0
DA:164,0
DA:165,0
DA:167,0
DA:170,0
DA:173,0
DA:176,0
DA:179,0
DA:182,0
DA:186,0
DA:187,0
DA:190,0
DA:193,0
DA:196,0
DA:199,0
DA:202,0
DA:204,2
DA:205,2
DA:210,1
LF:118
LH:32
BRDA:49,0,0,0
BRDA:49,0,1,0
BRDA:49,1,0,0
BRDA:49,1,1,0
BRDA:53,2,0,0
BRDA:53,2,1,0
BRDA:53,3,0,0
BRDA:53,3,1,0
BRDA:57,4,0,0
BRDA:57,4,1,0
BRDA:57,5,0,0
BRDA:57,5,1,0
BRDA:61,6,0,0
BRDA:61,6,1,0
BRDA:61,7,0,0
BRDA:61,7,1,0
BRDA:65,8,0,0
BRDA:65,8,1,0
BRDA:65,9,0,0
BRDA:65,9,1,0
BRDA:69,10,0,0
BRDA:69,10,1,0
BRDA:69,11,0,0
BRDA:69,11,1,0
BRDA:73,12,0,0
BRDA:73,12,1,0
BRDA:73,13,0,0
BRDA:73,13,1,0
BRDA:122,14,0,0
BRDA:122,14,1,0
BRDA:122,15,0,1
BRDA:122,15,1,0
BRDA:126,16,0,0
BRDA:126,16,1,0
BRDA:126,17,0,0
BRDA:126,17,1,0
BRDA:130,18,0,0
BRDA:130,18,1,0
BRDA:130,19,0,0
BRDA:130,19,1,0
BRDA:134,20,0,0
BRDA:134,20,1,0
BRDA:134,21,0,0
BRDA:134,21,1,0
BRDA:138,22,0,0
BRDA:138,22,1,0
BRDA:138,23,0,0
BRDA:138,23,1,0
BRDA:142,24,0,0
BRDA:142,24,1,0
BRDA:142,25,0,0
BRDA:142,25,1,0
BRDA:146,26,0,0
BRDA:146,26,1,0
BRDA:146,27,0,0
BRDA:146,27,1,0
BRF:56
BRH:1
end_of_record
TN:
SF:controllers\forgot-password-controller.js
FN:12,(anonymous_0)
FN:40,(anonymous_1)
FNF:2
FNH:2
FNDA:4,(anonymous_0)
FNDA:3,(anonymous_1)
DA:7,1
DA:8,1
DA:9,1
DA:11,1
DA:13,4
DA:14,4
DA:15,4
DA:16,3
DA:17,3
DA:18,2
DA:19,1
DA:20,1
DA:26,1
DA:27,1
DA:29,0
DA:30,0
DA:33,1
DA:36,1
DA:41,3
DA:42,3
DA:44,3
DA:45,2
DA:46,2
DA:47,2
DA:49,2
DA:50,1
DA:52,1
DA:55,1
DA:60,1
LF:29
LH:27
BRDA:15,0,0,3
BRDA:15,0,1,1
BRDA:17,1,0,2
BRDA:17,1,1,1
BRDA:44,2,0,2
BRDA:44,2,1,1
BRF:6
BRH:6
end_of_record
TN:
SF:controllers\login-controller.js
FN:10,(anonymous_0)
FNF:1
FNH:1
FNDA:6,(anonymous_0)
DA:7,1
DA:9,1
DA:11,6
DA:13,6
DA:14,6
DA:16,5
DA:17,1
DA:18,4
DA:19,1
DA:21,3
DA:22,3
DA:24,3
DA:25,1
DA:26,2
DA:27,1
DA:29,1
DA:33,1
DA:34,1
DA:40,1
LF:19
LH:19
BRDA:16,0,0,1
BRDA:16,0,1,4
BRDA:18,1,0,1
BRDA:18,1,1,3
BRDA:24,2,0,1
BRDA:24,2,1,2
BRDA:26,3,0,1
BRDA:26,3,1,1
BRF:8
BRH:8
end_of_record
TN:
SF:controllers\logout-controller.js
FN:8,(anonymous_0)
FN:9,(anonymous_1)
FNF:2
FNH:2
FNDA:2,(anonymous_0)
FNDA:2,(anonymous_1)
DA:7,1
DA:9,2
DA:10,2
DA:11,1
DA:16,1
LF:5
LH:5
BRDA:10,0,0,1
BRDA:10,0,1,1
BRF:2
BRH:2
end_of_record
TN:
SF:controllers\otp-controller.js
FN:10,(anonymous_0)
FN:25,(anonymous_1)
FNF:2
FNH:2
FNDA:1,(anonymous_0)
FNDA:2,(anonymous_1)
DA:7,1
DA:9,1
DA:11,1
DA:12,1
DA:14,1
DA:16,0
DA:17,0
DA:19,0
DA:21,1
DA:26,2
DA:27,2
DA:29,0
DA:30,0
DA:32,0
DA:34,0
DA:37,2
DA:42,1
LF:17
LH:10
BRDA:29,0,0,0
BRDA:29,0,1,0
BRF:2
BRH:0
end_of_record
TN:
SF:controllers\register-controller.js
FN:11,(anonymous_0)
FN:15,(anonymous_1)
FNF:2
FNH:2
FNDA:1,(anonymous_0)
FNDA:4,(anonymous_1)
DA:7,1
DA:8,1
DA:10,1
DA:12,1
DA:16,4
DA:18,4
DA:19,4
DA:20,1
DA:21,3
DA:22,1
DA:24,2
DA:25,2
DA:35,2
DA:36,1
DA:39,1
DA:122,1
DA:124,1
DA:207,1
DA:209,1
DA:292,1
DA:295,1
DA:297,1
DA:298,1
DA:304,1
LF:24
LH:24
BRDA:19,0,0,1
BRDA:19,0,1,3
BRDA:21,1,0,1
BRDA:21,1,1,2
BRDA:36,2,0,1
BRDA:36,2,1,0
BRDA:36,3,0,1
BRDA:36,3,1,0
BRF:8
BRH:6
end_of_record
TN:
SF:controllers\update-payroll-controller.js
FN:12,(anonymous_0)
FNF:1
FNH:1
FNDA:1,(anonymous_0)
DA:7,1
DA:8,1
DA:9,1
DA:11,1
DA:13,1
DA:15,1
DA:16,1
DA:17,2
DA:18,2
DA:19,2
DA:31,2
DA:32,2
DA:33,0
DA:35,2
DA:37,2
DA:38,2
DA:39,2
DA:42,2
DA:52,2
DA:137,2
DA:222,2
DA:311,1
LF:22
LH:21
BRDA:15,0,0,1
BRDA:15,0,1,0
BRDA:32,1,0,0
BRDA:32,1,1,2
BRF:4
BRH:2
end_of_record
TN:
SF:models\database.js
FN:16,(anonymous_0)
FN:21,(anonymous_1)
FN:25,(anonymous_2)
FN:29,(anonymous_3)
FN:33,(anonymous_4)
FN:37,(anonymous_5)
FN:41,(anonymous_6)
FN:45,(anonymous_7)
FN:49,(anonymous_8)
FN:53,(anonymous_9)
FNF:10
FNH:0
FNDA:0,(anonymous_0)
FNDA:0,(anonymous_1)
FNDA:0,(anonymous_2)
FNDA:0,(anonymous_3)
FNDA:0,(anonymous_4)
FNDA:0,(anonymous_5)
FNDA:0,(anonymous_6)
FNDA:0,(anonymous_7)
FNDA:0,(anonymous_8)
FNDA:0,(anonymous_9)
DA:7,10
DA:8,10
DA:10,10
DA:15,10
DA:17,0
DA:18,0
DA:22,0
DA:26,0
DA:30,0
DA:34,0
DA:38,0
DA:42,0
DA:46,0
DA:50,0
DA:54,0
DA:58,10
LF:16
LH:5
BRF:0
BRH:0
end_of_record
TN:
SF:models\employee_model.js
FNF:0
FNH:0
DA:6,10
DA:8,10
DA:43,10
LF:3
LH:3
BRF:0
BRH:0
end_of_record
TN:
SF:models\forgot_password_model.js
FNF:0
FNH:0
DA:6,3
DA:8,3
DA:27,3
LF:3
LH:3
BRF:0
BRH:0
end_of_record
TN:
SF:models\otp_model.js
FNF:0
FNH:0
DA:6,1
DA:8,1
DA:14,1
LF:3
LH:3
BRF:0
BRH:0
end_of_record
TN:
SF:models\payroll_model.js
FNF:0
FNH:0
DA:6,7
DA:8,7
DA:265,7
LF:3
LH:3
BRF:0
BRH:0
end_of_record
