TN:
SF:controllers/admin-dash-logs-controller.js
FN:11,(anonymous_0)
FN:15,(anonymous_1)
FNF:2
FNH:2
FNDA:1,(anonymous_0)
FNDA:2,(anonymous_1)
DA:7,1
DA:8,1
DA:10,1
DA:12,1
DA:16,2
DA:17,2
DA:19,2
DA:20,2
DA:31,2
DA:33,1
DA:35,1
DA:36,1
DA:41,1
LF:13
LH:13
BRF:0
BRH:0
end_of_record
TN:
SF:controllers/admin-empman-emprecs-controller.js
FN:11,(anonymous_0)
FN:14,(anonymous_1)
FN:29,(anonymous_2)
FN:33,(anonymous_3)
FNF:4
FNH:4
FNDA:2,(anonymous_0)
FNDA:1,(anonymous_1)
FNDA:2,(anonymous_2)
FNDA:4,(anonymous_3)
DA:7,2
DA:8,2
DA:10,2
DA:12,2
DA:14,1
DA:15,1
DA:16,1
DA:18,1
DA:21,1
DA:22,1
DA:24,0
DA:25,0
DA:30,2
DA:31,1
DA:33,1
DA:34,4
DA:35,4
DA:37,4
DA:40,1
DA:41,1
DA:43,1
DA:45,0
DA:46,0
DA:51,2
LF:24
LH:20
BRDA:15,0,0,1
BRDA:15,0,1,0
BRDA:16,1,0,1
BRDA:16,1,1,0
BRDA:34,2,0,4
BRDA:34,2,1,0
BRDA:35,3,0,4
BRDA:35,3,1,0
BRF:8
BRH:4
end_of_record
TN:
SF:controllers/admin-empman-payroll-controller.js
FN:13,(anonymous_0)
FN:17,(anonymous_1)
FN:21,(anonymous_2)
FN:35,(anonymous_3)
FN:42,(anonymous_4)
FN:77,padZero
FN:99,(anonymous_6)
FN:103,(anonymous_7)
FNF:8
FNH:7
FNDA:1,(anonymous_0)
FNDA:1,(anonymous_1)
FNDA:1,(anonymous_2)
FNDA:1,(anonymous_3)
FNDA:0,(anonymous_4)
FNDA:1,padZero
FNDA:2,(anonymous_6)
FNDA:7,(anonymous_7)
DA:8,1
DA:9,1
DA:10,1
DA:12,1
DA:14,1
DA:18,1
DA:19,1
DA:21,1
DA:22,1
DA:23,1
DA:25,1
DA:28,1
DA:30,0
DA:31,0
DA:36,1
DA:37,1
DA:38,1
DA:39,1
DA:40,1
DA:42,1
DA:43,0
DA:44,0
DA:46,0
DA:49,1
DA:50,1
DA:51,1
DA:52,1
DA:53,7
DA:54,1
DA:55,1
DA:56,6
DA:57,1
DA:58,1
DA:59,5
DA:60,1
DA:61,1
DA:62,4
DA:63,1
DA:64,1
DA:65,3
DA:66,1
DA:67,1
DA:68,2
DA:69,1
DA:70,1
DA:71,1
DA:72,1
DA:73,1
DA:78,1
DA:79,0
DA:81,1
DA:84,1
DA:85,1
DA:86,0
DA:87,0
DA:88,0
DA:89,0
DA:90,0
DA:92,0
DA:94,1
DA:95,1
DA:100,2
DA:101,2
DA:103,1
DA:104,7
DA:105,7
DA:106,7
DA:107,7
DA:108,7
DA:109,7
DA:112,1
DA:113,1
DA:114,1
DA:115,1
DA:116,1
DA:117,1
DA:118,1
DA:141,1
DA:147,1
DA:148,1
DA:149,1
DA:151,0
DA:152,0
DA:155,1
DA:156,1
DA:157,1
DA:159,0
DA:160,0
DA:163,1
DA:164,1
DA:165,1
DA:167,0
DA:168,0
DA:171,1
DA:172,1
DA:202,1
DA:204,0
DA:205,0
DA:210,1
LF:99
LH:79
BRDA:22,0,0,1
BRDA:22,0,1,0
BRDA:23,1,0,1
BRDA:23,1,1,0
BRDA:43,2,0,0
BRDA:43,2,1,0
BRDA:44,3,0,0
BRDA:44,3,1,0
BRDA:53,4,0,1
BRDA:53,4,1,6
BRDA:56,5,0,1
BRDA:56,5,1,5
BRDA:59,6,0,1
BRDA:59,6,1,4
BRDA:62,7,0,1
BRDA:62,7,1,3
BRDA:65,8,0,1
BRDA:65,8,1,2
BRDA:68,9,0,1
BRDA:68,9,1,1
BRDA:71,10,0,1
BRDA:71,10,1,0
BRDA:78,11,0,0
BRDA:78,11,1,1
BRDA:147,12,0,1
BRDA:147,12,1,0
BRDA:155,13,0,1
BRDA:155,13,1,0
BRDA:163,14,0,1
BRDA:163,14,1,0
BRF:30
BRH:19
end_of_record
TN:
SF:controllers/admin-notifs-controller.js
FN:11,(anonymous_0)
FN:15,(anonymous_1)
FN:18,(anonymous_2)
FNF:3
FNH:3
FNDA:1,(anonymous_0)
FNDA:2,(anonymous_1)
FNDA:3,(anonymous_2)
DA:7,1
DA:8,1
DA:10,1
DA:12,1
DA:16,2
DA:17,2
DA:18,3
DA:20,1
DA:22,1
DA:23,1
DA:28,1
LF:11
LH:11
BRF:0
BRH:0
end_of_record
TN:
SF:controllers/controller.js
FN:9,(anonymous_0)
FN:12,(anonymous_1)
FNF:2
FNH:2
FNDA:1,(anonymous_0)
FNDA:1,(anonymous_1)
DA:8,1
DA:10,1
DA:13,1
DA:17,1
LF:4
LH:4
BRF:0
BRH:0
end_of_record
TN:
SF:controllers/delete-user-controller.js
FN:13,(anonymous_0)
FN:17,(anonymous_1)
FN:19,(anonymous_2)
FN:34,(anonymous_3)
FN:37,(anonymous_4)
FN:53,(anonymous_5)
FNF:6
FNH:5
FNDA:1,(anonymous_0)
FNDA:1,(anonymous_1)
FNDA:1,(anonymous_2)
FNDA:1,(anonymous_3)
FNDA:0,(anonymous_4)
FNDA:3,(anonymous_5)
DA:8,1
DA:9,1
DA:10,1
DA:12,1
DA:14,1
DA:18,1
DA:19,1
DA:20,1
DA:21,1
DA:23,1
DA:25,1
DA:27,1
DA:29,0
DA:30,0
DA:35,1
DA:36,1
DA:37,1
DA:38,0
DA:39,0
DA:41,0
DA:43,1
DA:44,1
DA:46,1
DA:48,0
DA:49,0
DA:54,3
DA:55,3
DA:57,3
DA:58,2
DA:59,2
DA:60,1
DA:61,1
DA:62,1
DA:63,1
DA:65,1
DA:67,1
DA:69,0
DA:70,0
DA:73,1
DA:74,1
DA:75,1
DA:77,0
DA:78,0
DA:83,1
DA:88,1
LF:45
LH:34
BRDA:20,0,0,1
BRDA:20,0,1,0
BRDA:21,1,0,1
BRDA:21,1,1,0
BRDA:38,2,0,0
BRDA:38,2,1,0
BRDA:39,3,0,0
BRDA:39,3,1,0
BRDA:57,4,0,2
BRDA:57,4,1,1
BRDA:59,5,0,1
BRDA:59,5,1,1
BRF:12
BRH:6
end_of_record
TN:
SF:controllers/employee-clockpage-controller.js
FN:13,(anonymous_0)
FN:17,(anonymous_1)
FN:21,(anonymous_2)
FN:35,(anonymous_3)
FN:101,(anonymous_4)
FNF:5
FNH:5
FNDA:1,(anonymous_0)
FNDA:1,(anonymous_1)
FNDA:2,(anonymous_2)
FNDA:1,(anonymous_3)
FNDA:2,(anonymous_4)
DA:8,1
DA:9,1
DA:10,1
DA:12,1
DA:14,1
DA:18,1
DA:22,2
DA:23,2
DA:25,2
DA:27,1
DA:29,1
DA:31,1
DA:36,1
DA:37,1
DA:39,1
DA:40,1
DA:41,1
DA:48,0
DA:49,0
DA:56,0
DA:57,0
DA:64,0
DA:65,0
DA:72,0
DA:73,0
DA:80,0
DA:81,0
DA:88,0
DA:89,0
DA:97,1
DA:98,1
DA:102,2
DA:103,2
DA:104,2
DA:105,2
DA:106,2
DA:108,2
DA:109,1
DA:110,1
DA:111,1
DA:112,1
DA:113,1
DA:116,1
DA:117,1
DA:120,1
DA:121,0
DA:122,0
DA:123,0
DA:124,0
DA:127,0
DA:128,0
DA:129,0
DA:130,0
DA:131,0
DA:132,0
DA:137,0
DA:138,0
DA:140,0
DA:142,0
DA:144,0
DA:145,0
DA:148,0
DA:149,0
DA:152,0
DA:153,0
DA:156,0
DA:157,0
DA:158,0
DA:161,0
DA:162,0
DA:163,0
DA:164,0
DA:167,0
DA:168,0
DA:174,0
DA:175,0
DA:188,0
DA:189,0
DA:191,0
DA:196,0
DA:197,0
DA:199,1
DA:200,0
DA:201,0
DA:202,0
DA:203,0
DA:206,0
DA:207,0
DA:208,0
DA:209,0
DA:210,0
DA:211,0
DA:216,0
DA:217,0
DA:219,0
DA:221,0
DA:223,0
DA:224,0
DA:227,0
DA:228,0
DA:231,0
DA:232,0
DA:235,0
DA:236,0
DA:237,0
DA:240,0
DA:241,0
DA:242,0
DA:243,0
DA:246,0
DA:247,0
DA:250,0
DA:251,0
DA:264,0
DA:265,0
DA:267,0
DA:271,0
DA:272,0
DA:274,1
DA:275,0
DA:276,0
DA:277,0
DA:278,0
DA:281,0
DA:282,0
DA:283,0
DA:284,0
DA:285,0
DA:286,0
DA:291,0
DA:292,0
DA:294,0
DA:296,0
DA:298,0
DA:299,0
DA:302,0
DA:303,0
DA:306,0
DA:307,0
DA:310,0
DA:311,0
DA:312,0
DA:315,0
DA:316,0
DA:317,0
DA:318,0
DA:321,0
DA:322,0
DA:325,0
DA:326,0
DA:339,0
DA:340,0
DA:342,0
DA:346,0
DA:347,0
DA:349,1
DA:350,0
DA:351,0
DA:352,0
DA:353,0
DA:356,0
DA:357,0
DA:358,0
DA:359,0
DA:360,0
DA:361,0
DA:366,0
DA:367,0
DA:369,0
DA:371,0
DA:373,0
DA:374,0
DA:377,0
DA:378,0
DA:381,0
DA:382,0
DA:385,0
DA:386,0
DA:387,0
DA:390,0
DA:391,0
DA:392,0
DA:393,0
DA:396,0
DA:397,0
DA:400,0
DA:401,0
DA:414,0
DA:415,0
DA:417,0
DA:421,0
DA:422,0
DA:424,1
DA:425,0
DA:426,0
DA:427,0
DA:428,0
DA:431,0
DA:432,0
DA:433,0
DA:434,0
DA:435,0
DA:436,0
DA:441,0
DA:442,0
DA:444,0
DA:446,0
DA:448,0
DA:449,0
DA:452,0
DA:453,0
DA:456,0
DA:457,0
DA:460,0
DA:461,0
DA:462,0
DA:465,0
DA:466,0
DA:467,0
DA:468,0
DA:471,0
DA:472,0
DA:475,0
DA:476,0
DA:489,0
DA:490,0
DA:492,0
DA:496,0
DA:497,0
DA:499,1
DA:500,0
DA:501,0
DA:502,0
DA:503,0
DA:506,0
DA:507,0
DA:508,0
DA:509,0
DA:510,0
DA:511,0
DA:516,0
DA:517,0
DA:519,0
DA:521,0
DA:523,0
DA:524,0
DA:527,0
DA:528,0
DA:531,0
DA:532,0
DA:535,0
DA:536,0
DA:537,0
DA:540,0
DA:541,0
DA:542,0
DA:543,0
DA:546,0
DA:547,0
DA:550,0
DA:551,0
DA:564,0
DA:565,0
DA:567,0
DA:571,0
DA:572,0
DA:574,1
DA:575,0
DA:576,0
DA:577,0
DA:578,0
DA:581,0
DA:582,0
DA:583,0
DA:584,0
DA:585,0
DA:586,0
DA:591,0
DA:592,0
DA:594,0
DA:596,0
DA:598,0
DA:599,0
DA:602,0
DA:603,0
DA:606,0
DA:607,0
DA:610,0
DA:611,0
DA:612,0
DA:615,0
DA:616,0
DA:617,0
DA:618,0
DA:621,0
DA:622,0
DA:625,0
DA:626,0
DA:639,0
DA:640,0
DA:642,0
DA:646,0
DA:647,0
DA:654,1
LF:304
LH:40
BRDA:40,0,0,1
BRDA:40,0,1,0
BRDA:48,1,0,0
BRDA:48,1,1,0
BRDA:56,2,0,0
BRDA:56,2,1,0
BRDA:64,3,0,0
BRDA:64,3,1,0
BRDA:72,4,0,0
BRDA:72,4,1,0
BRDA:80,5,0,0
BRDA:80,5,1,0
BRDA:88,6,0,0
BRDA:88,6,1,0
BRDA:120,7,0,0
BRDA:120,7,1,1
BRDA:129,8,0,0
BRDA:129,8,1,0
BRDA:137,9,0,0
BRDA:137,9,1,0
BRDA:144,10,0,0
BRDA:144,10,1,0
BRDA:188,11,0,0
BRDA:188,11,1,0
BRDA:199,12,0,0
BRDA:199,12,1,1
BRDA:208,13,0,0
BRDA:208,13,1,0
BRDA:216,14,0,0
BRDA:216,14,1,0
BRDA:223,15,0,0
BRDA:223,15,1,0
BRDA:264,16,0,0
BRDA:264,16,1,0
BRDA:274,17,0,0
BRDA:274,17,1,1
BRDA:283,18,0,0
BRDA:283,18,1,0
BRDA:291,19,0,0
BRDA:291,19,1,0
BRDA:298,20,0,0
BRDA:298,20,1,0
BRDA:339,21,0,0
BRDA:339,21,1,0
BRDA:349,22,0,0
BRDA:349,22,1,1
BRDA:358,23,0,0
BRDA:358,23,1,0
BRDA:366,24,0,0
BRDA:366,24,1,0
BRDA:373,25,0,0
BRDA:373,25,1,0
BRDA:414,26,0,0
BRDA:414,26,1,0
BRDA:424,27,0,0
BRDA:424,27,1,1
BRDA:433,28,0,0
BRDA:433,28,1,0
BRDA:441,29,0,0
BRDA:441,29,1,0
BRDA:448,30,0,0
BRDA:448,30,1,0
BRDA:489,31,0,0
BRDA:489,31,1,0
BRDA:499,32,0,0
BRDA:499,32,1,1
BRDA:508,33,0,0
BRDA:508,33,1,0
BRDA:516,34,0,0
BRDA:516,34,1,0
BRDA:523,35,0,0
BRDA:523,35,1,0
BRDA:564,36,0,0
BRDA:564,36,1,0
BRDA:574,37,0,0
BRDA:574,37,1,1
BRDA:583,38,0,0
BRDA:583,38,1,0
BRDA:591,39,0,0
BRDA:591,39,1,0
BRDA:598,40,0,0
BRDA:598,40,1,0
BRDA:639,41,0,0
BRDA:639,41,1,0
BRF:84
BRH:8
end_of_record
TN:
SF:controllers/employee-dashboard-controller.js
FN:12,(anonymous_0)
FN:23,(anonymous_1)
FN:58,padZero
FNF:3
FNH:2
FNDA:2,(anonymous_0)
FNDA:2,(anonymous_1)
FNDA:0,padZero
DA:7,1
DA:8,1
DA:9,1
DA:11,1
DA:13,2
DA:14,2
DA:15,2
DA:16,1
DA:18,1
DA:19,1
DA:24,2
DA:25,2
DA:26,2
DA:27,2
DA:28,1
DA:30,1
DA:31,1
DA:32,1
DA:33,1
DA:34,7
DA:35,1
DA:36,1
DA:37,6
DA:38,1
DA:39,1
DA:40,5
DA:41,1
DA:42,1
DA:43,4
DA:44,1
DA:45,1
DA:46,3
DA:47,1
DA:48,1
DA:49,2
DA:50,1
DA:51,1
DA:52,1
DA:53,1
DA:54,1
DA:59,0
DA:60,0
DA:62,0
DA:65,1
DA:66,0
DA:67,0
DA:68,0
DA:69,0
DA:70,0
DA:71,0
DA:73,0
DA:74,0
DA:75,0
DA:76,0
DA:77,0
DA:78,0
DA:79,0
DA:80,0
DA:82,0
DA:84,2
DA:85,2
DA:90,1
LF:62
LH:44
BRDA:34,0,0,1
BRDA:34,0,1,6
BRDA:37,1,0,1
BRDA:37,1,1,5
BRDA:40,2,0,1
BRDA:40,2,1,4
BRDA:43,3,0,1
BRDA:43,3,1,3
BRDA:46,4,0,1
BRDA:46,4,1,2
BRDA:49,5,0,1
BRDA:49,5,1,1
BRDA:52,6,0,1
BRDA:52,6,1,0
BRDA:59,7,0,0
BRDA:59,7,1,0
BRF:16
BRH:13
end_of_record
TN:
SF:controllers/employee-salary-particulars-controller.js
FN:7,(anonymous_0)
FNF:1
FNH:1
FNDA:2,(anonymous_0)
DA:2,1
DA:3,1
DA:4,1
DA:6,1
DA:8,2
DA:9,2
DA:10,2
DA:11,1
DA:13,2
DA:14,2
DA:19,1
LF:11
LH:11
BRF:0
BRH:0
end_of_record
TN:
SF:controllers/forgot-password-controller.js
FN:12,(anonymous_0)
FN:40,(anonymous_1)
FNF:2
FNH:2
FNDA:4,(anonymous_0)
FNDA:3,(anonymous_1)
DA:7,1
DA:8,1
DA:9,1
DA:11,1
DA:13,4
DA:14,4
DA:15,4
DA:16,3
DA:17,3
DA:18,2
DA:19,2
DA:20,2
DA:26,2
DA:27,1
DA:29,1
DA:30,1
DA:33,1
DA:36,1
DA:41,3
DA:42,3
DA:44,3
DA:45,2
DA:46,2
DA:47,2
DA:49,1
DA:50,1
DA:52,1
DA:55,1
DA:60,1
LF:29
LH:29
BRDA:15,0,0,3
BRDA:15,0,1,1
BRDA:17,1,0,2
BRDA:17,1,1,1
BRDA:44,2,0,2
BRDA:44,2,1,1
BRF:6
BRH:6
end_of_record
TN:
SF:controllers/login-controller.js
FN:10,(anonymous_0)
FNF:1
FNH:1
FNDA:4,(anonymous_0)
DA:7,1
DA:9,1
DA:11,4
DA:13,4
DA:14,4
DA:16,3
DA:17,1
DA:18,2
DA:19,1
DA:21,1
DA:22,1
DA:24,1
DA:25,1
DA:26,0
DA:27,0
DA:29,0
DA:33,1
DA:34,1
DA:40,1
LF:19
LH:16
BRDA:16,0,0,1
BRDA:16,0,1,2
BRDA:18,1,0,1
BRDA:18,1,1,1
BRDA:24,2,0,1
BRDA:24,2,1,0
BRDA:26,3,0,0
BRDA:26,3,1,0
BRF:8
BRH:5
end_of_record
TN:
SF:controllers/logout-controller.js
FN:8,(anonymous_0)
FN:9,(anonymous_1)
FNF:2
FNH:2
FNDA:2,(anonymous_0)
FNDA:2,(anonymous_1)
DA:7,1
DA:9,2
DA:10,2
DA:11,1
DA:16,1
LF:5
LH:5
BRDA:10,0,0,1
BRDA:10,0,1,1
BRF:2
BRH:2
end_of_record
TN:
SF:controllers/register-controller.js
FN:11,(anonymous_0)
FN:15,(anonymous_1)
FNF:2
FNH:2
FNDA:1,(anonymous_0)
FNDA:4,(anonymous_1)
DA:7,1
DA:8,1
DA:10,1
DA:12,1
DA:16,4
DA:18,4
DA:19,4
DA:20,1
DA:21,3
DA:22,1
DA:24,2
DA:25,2
DA:35,2
DA:36,1
DA:39,1
DA:119,1
DA:121,1
DA:201,1
DA:203,1
DA:283,1
DA:286,1
DA:288,1
DA:289,1
DA:295,1
LF:24
LH:24
BRDA:19,0,0,1
BRDA:19,0,1,3
BRDA:21,1,0,1
BRDA:21,1,1,2
BRDA:36,2,0,1
BRDA:36,2,1,0
BRDA:36,3,0,1
BRDA:36,3,1,0
BRF:8
BRH:6
end_of_record
TN:
SF:models/database.js
FN:16,(anonymous_0)
FN:21,(anonymous_1)
FN:25,(anonymous_2)
FN:29,(anonymous_3)
FN:33,(anonymous_4)
FN:37,(anonymous_5)
FN:41,(anonymous_6)
FN:45,(anonymous_7)
FN:49,(anonymous_8)
FN:53,(anonymous_9)
FNF:10
FNH:0
FNDA:0,(anonymous_0)
FNDA:0,(anonymous_1)
FNDA:0,(anonymous_2)
FNDA:0,(anonymous_3)
FNDA:0,(anonymous_4)
FNDA:0,(anonymous_5)
FNDA:0,(anonymous_6)
FNDA:0,(anonymous_7)
FNDA:0,(anonymous_8)
FNDA:0,(anonymous_9)
DA:7,9
DA:8,9
DA:10,9
DA:15,9
DA:17,0
DA:18,0
DA:22,0
DA:26,0
DA:30,0
DA:34,0
DA:38,0
DA:42,0
DA:46,0
DA:50,0
DA:54,0
DA:58,9
LF:16
LH:5
BRF:0
BRH:0
end_of_record
TN:
SF:models/employee_model.js
FNF:0
FNH:0
DA:6,10
DA:8,10
DA:43,10
LF:3
LH:3
BRF:0
BRH:0
end_of_record
TN:
SF:models/forgot_password_model.js
FNF:0
FNH:0
DA:6,3
DA:8,3
DA:27,3
LF:3
LH:3
BRF:0
BRH:0
end_of_record
TN:
SF:models/payroll_model.js
FNF:0
FNH:0
DA:6,6
DA:8,6
DA:257,6
LF:3
LH:3
BRF:0
BRH:0
end_of_record
